<?xml version="1.0" encoding="UTF-8"?>
<!-- Generated by org.testng.reporters.JUnitReportReporter -->
<testsuite hostname="Bikash" failures="0" tests="1" name="seleniumTest.EncodingPass" time="0.015" errors="0" timestamp="10 Oct 2019 18:32:26 GMT" skipped="0">
  <testcase classname="seleniumTest.EncodingPass" name="decoder" time="0.015"/>
</testsuite> <!-- seleniumTest.EncodingPass -->
