<?xml version="1.0" encoding="UTF-8"?>
<!-- Generated by org.testng.reporters.JUnitReportReporter -->
<testsuite hostname="Bikash" failures="0" tests="1" name="testJava.FirstTest" time="0.011" errors="0" timestamp="04 Jun 2019 13:07:25 GMT" skipped="0">
  <testcase classname="testJava.FirstTest" name="method1" time="0.011"/>
</testsuite> <!-- testJava.FirstTest -->
