<?xml version="1.0" encoding="UTF-8"?>
<!-- Generated by org.testng.reporters.JUnitReportReporter -->
<testsuite hostname="Bikash" failures="0" tests="5" name="testNGTest.DataProviderTest" time="32.788" errors="0" timestamp="14 Sep 2019 19:56:45 GMT" skipped="0">
  <testcase classname="testNGTest.DataProviderTest" name="googleSearch" time="4.742"/>
  <testcase classname="testNGTest.DataProviderTest" name="googleSearch" time="9.130"/>
  <testcase classname="testNGTest.DataProviderTest" name="googleSearch" time="5.910"/>
  <testcase classname="testNGTest.DataProviderTest" name="googleSearch" time="6.788"/>
  <testcase classname="testNGTest.DataProviderTest" name="googleSearch" time="6.218"/>
</testsuite> <!-- testNGTest.DataProviderTest -->
