<?xml version="1.0" encoding="UTF-8"?>
<!-- Generated by org.testng.reporters.JUnitReportReporter -->
<testsuite hostname="Bikash" failures="0" tests="3" name="testNGTest.AnnotationTest" time="0.009" errors="0" timestamp="08 Jun 2019 05:10:51 GMT" skipped="0">
  <testcase classname="testNGTest.AnnotationTest" name="test2" time="0.003"/>
  <testcase classname="testNGTest.AnnotationTest" name="test3" time="0.001"/>
  <testcase classname="testNGTest.AnnotationTest" name="test1" time="0.005"/>
</testsuite> <!-- testNGTest.AnnotationTest -->
